#
# A fatal error has been detected by the Java Runtime Environment:
#
#  EXCEPTION_ACCESS_VIOLATION (0xc0000005) at pc=0x045d8ce7, pid=2132, tid=3480
#
# JRE version: 7.0-b129
# Java VM: Java HotSpot(TM) Client VM (21.0-b01 mixed mode, sharing windows-x86 )
# Problematic frame:
# C  [jna7940147070923211174.tmp+0x8ce7]
#
# If you would like to submit a bug report, please visit:
#   http://java.sun.com/webapps/bugreport/crash.jsp
# The crash happened outside the Java Virtual Machine in native code.
# See problematic frame for where to report the bug.
#

---------------  T H R E A D  ---------------

Current thread (0x00829400):  JavaThread "main" [_thread_in_native, id=3480, stack(0x00950000,0x009a0000)]

siginfo: ExceptionCode=0xc0000005, reading address 0xffff18a5

Registers:
EAX=0xffff18a5, EBX=0x04e51610, ECX=0x04e51610, EDX=0x1008d3e0
ESP=0x0099f6dc, EBP=0x0099f704, ESI=0x04e51610, EDI=0x00000014
EIP=0x045d8ce7, EFLAGS=0x00210212

Top of Stack: (sp=0x0099f6dc)
0x0099f6dc:   04e53da8 00000254 04e512f0 0099f7d8
0x0099f6ec:   04e51610 04e512f0 04e523ec 04e523ac
0x0099f6fc:   0099f720 ffff18a5 0099f7d8 1008d3ea
0x0099f70c:   04e51610 10030d77 0099fd9c 100b79b0
0x0099f71c:   ffffffff 1008d334 00000000 04e51610
0x0099f72c:   1008d3e0 04e517f4 1008d9fd 00829400
0x0099f73c:   0099f8e0 00000008 00820000 04cc10b0
0x0099f74c:   00000000 00010001 00000000 00000000 

Instructions: (pc=0x045d8ce7)
0x045d8cc7:   08 89 04 24 e8 ff ef ff ff c9 c3 55 89 e5 83 ec
0x045d8cd7:   28 8b 45 14 8b 80 20 04 00 00 89 45 fc 8b 45 fc
0x045d8ce7:   8b 10 c7 44 24 08 04 00 01 00 8d 45 f8 89 44 24
0x045d8cf7:   04 8b 45 fc 89 04 24 8b 42 18 ff d0 83 ec 0c 85 


Register to memory mapping:

EAX=0xffff18a5 is an unknown value
EBX=0x04e51610 is an unknown value
ECX=0x04e51610 is an unknown value
EDX=0x1008d3e0 is an unknown value
ESP=0x0099f6dc is pointing into the stack for thread: 0x00829400
EBP=0x0099f704 is pointing into the stack for thread: 0x00829400
ESI=0x04e51610 is an unknown value
EDI=0x00000014 is an unknown value


Stack: [0x00950000,0x009a0000],  sp=0x0099f6dc,  free space=317k
Native frames: (J=compiled Java code, j=interpreted, Vv=VM code, C=native code)
C  [jna7940147070923211174.tmp+0x8ce7]  JNI_OnUnload+0x8d4
C  [libspotify.dll+0x8d3ea]  sp_error_message+0x35a
C  [jna7940147070923211174.tmp+0xdac7]  JNI_OnUnload+0x56b4
C  [jna7940147070923211174.tmp+0x91b9]  JNI_OnUnload+0xda6
C  [jna7940147070923211174.tmp+0x2161]
C  [jna7940147070923211174.tmp+0x2849]  Java_com_sun_jna_Function_invokeInt+0x35
j  com.sun.jna.Function.invokeInt(I[Ljava/lang/Object;)I+0
j  com.sun.jna.Function.invoke([Ljava/lang/Object;Ljava/lang/Class;)Ljava/lang/Object;+309
j  com.sun.jna.Function.invoke(Ljava/lang/Class;[Ljava/lang/Object;Ljava/util/Map;)Ljava/lang/Object;+194
j  com.sun.jna.Library$Handler.invoke(Ljava/lang/Object;Ljava/lang/reflect/Method;[Ljava/lang/Object;)Ljava/lang/Object;+344
j  $Proxy0.sessionCreate(Lcom/nbarraille/jspotify/model/sp_session_config;Lcom/sun/jna/ptr/PointerByReference;)I+20
j  com.nbarraille.jspotify.main.Test.main([Ljava/lang/String;)V+278
v  ~StubRoutines::call_stub
V  [jvm.dll+0x115f6d]
V  [jvm.dll+0x1b788e]
V  [jvm.dll+0x115fed]
V  [jvm.dll+0xa2507]
V  [jvm.dll+0xac867]
C  [javaw.exe+0x209e]
C  [javaw.exe+0xa23b]
C  [javaw.exe+0xa2c5]
C  [kernel32.dll+0x51194]  BaseThreadInitThunk+0x12
C  [ntdll.dll+0x5b429]  RtlInitializeExceptionChain+0x63
C  [ntdll.dll+0x5b3fc]  RtlInitializeExceptionChain+0x36

Java frames: (J=compiled Java code, j=interpreted, Vv=VM code)
j  com.sun.jna.Function.invokeInt(I[Ljava/lang/Object;)I+0
j  com.sun.jna.Function.invoke([Ljava/lang/Object;Ljava/lang/Class;)Ljava/lang/Object;+309
j  com.sun.jna.Function.invoke(Ljava/lang/Class;[Ljava/lang/Object;Ljava/util/Map;)Ljava/lang/Object;+194
j  com.sun.jna.Library$Handler.invoke(Ljava/lang/Object;Ljava/lang/reflect/Method;[Ljava/lang/Object;)Ljava/lang/Object;+344
j  $Proxy0.sessionCreate(Lcom/nbarraille/jspotify/model/sp_session_config;Lcom/sun/jna/ptr/PointerByReference;)I+20
j  com.nbarraille.jspotify.main.Test.main([Ljava/lang/String;)V+278
v  ~StubRoutines::call_stub

---------------  P R O C E S S  ---------------

Java Threads: ( => current thread )
  0x00b1fc00 JavaThread "Low Memory Detector" daemon [_thread_blocked, id=1308, stack(0x04070000,0x040c0000)]
  0x00b1ac00 JavaThread "C1 CompilerThread0" daemon [_thread_blocked, id=5408, stack(0x03fe0000,0x04030000)]
  0x00b19800 JavaThread "Attach Listener" daemon [_thread_blocked, id=5072, stack(0x03df0000,0x03e40000)]
  0x00b16400 JavaThread "Signal Dispatcher" daemon [_thread_blocked, id=5856, stack(0x00d10000,0x00d60000)]
  0x00b09800 JavaThread "Finalizer" daemon [_thread_blocked, id=2728, stack(0x00c40000,0x00c90000)]
  0x00b07800 JavaThread "Reference Handler" daemon [_thread_blocked, id=3116, stack(0x00ca0000,0x00cf0000)]
=>0x00829400 JavaThread "main" [_thread_in_native, id=3480, stack(0x00950000,0x009a0000)]

Other Threads:
  0x00b06400 VMThread [stack: 0x00b90000,0x00be0000] [id=956]
  0x00b33000 WatcherThread [stack: 0x03f80000,0x03fd0000] [id=5180]

VM state:not at safepoint (normal execution)

VM Mutex/Monitor currently owned by a thread: None

Heap
 def new generation   total 4928K, used 3470K [0x23450000, 0x239a0000, 0x289a0000)
  eden space 4416K,  78% used [0x23450000, 0x237b3b18, 0x238a0000)
  from space 512K,   0% used [0x238a0000, 0x238a0000, 0x23920000)
  to   space 512K,   0% used [0x23920000, 0x23920000, 0x239a0000)
 tenured generation   total 10944K, used 0K [0x289a0000, 0x29450000, 0x33450000)
   the space 10944K,   0% used [0x289a0000, 0x289a0000, 0x289a0200, 0x29450000)
 compacting perm gen  total 12288K, used 813K [0x33450000, 0x34050000, 0x37450000)
   the space 12288K,   6% used [0x33450000, 0x3351b678, 0x3351b800, 0x34050000)
    ro space 10240K,  43% used [0x37450000, 0x3789ce40, 0x3789d000, 0x37e50000)
    rw space 12288K,  53% used [0x37e50000, 0x384c2710, 0x384c2800, 0x38a50000)

Code Cache  [0x01da0000, 0x01e30000, 0x03da0000)
 total_blobs=232 nmethods=82 adapters=86 free_code_cache=32973056 largest_free_block=0

Dynamic libraries:
0x00d70000 - 0x00da0000 	C:\Program Files\Java\jdk1.7.0\bin\javaw.exe
0x778f0000 - 0x77a2d000 	C:\Windows\SYSTEM32\ntdll.dll
0x77070000 - 0x77144000 	C:\Windows\system32\kernel32.dll
0x75cf0000 - 0x75d3a000 	C:\Windows\system32\KERNELBASE.dll
0x75e10000 - 0x75eb0000 	C:\Windows\system32\ADVAPI32.dll
0x775c0000 - 0x7766c000 	C:\Windows\system32\msvcrt.dll
0x75d50000 - 0x75d69000 	C:\Windows\SYSTEM32\sechost.dll
0x77670000 - 0x77711000 	C:\Windows\system32\RPCRT4.dll
0x76f00000 - 0x76fc9000 	C:\Windows\system32\USER32.dll
0x77a50000 - 0x77a9e000 	C:\Windows\system32\GDI32.dll
0x77a30000 - 0x77a3a000 	C:\Windows\system32\LPK.dll
0x75d70000 - 0x75e0d000 	C:\Windows\system32\USP10.dll
0x74830000 - 0x749ce000 	C:\Windows\WinSxS\x86_microsoft.windows.common-controls_6595b64144ccf1df_6.0.7600.16661_none_420fe3fa2b8113bd\COMCTL32.dll
0x772f0000 - 0x77347000 	C:\Windows\system32\SHLWAPI.dll
0x775a0000 - 0x775bf000 	C:\Windows\system32\IMM32.DLL
0x75eb0000 - 0x75f7c000 	C:\Windows\system32\MSCTF.dll
0x6d710000 - 0x6d7ce000 	C:\Program Files\Java\jdk1.7.0\jre\bin\msvcr100.dll
0x68720000 - 0x68a29000 	C:\Program Files\Java\jdk1.7.0\jre\bin\client\jvm.dll
0x746c0000 - 0x746f2000 	C:\Windows\system32\WINMM.dll
0x728c0000 - 0x728cc000 	C:\Program Files\Java\jdk1.7.0\jre\bin\verify.dll
0x6d970000 - 0x6d990000 	C:\Program Files\Java\jdk1.7.0\jre\bin\java.dll
0x75d40000 - 0x75d45000 	C:\Windows\system32\PSAPI.DLL
0x6dd30000 - 0x6dd43000 	C:\Program Files\Java\jdk1.7.0\jre\bin\zip.dll
0x10000000 - 0x10259000 	C:\Windows\System32\libspotify.dll
0x77150000 - 0x77185000 	C:\Windows\system32\WS2_32.dll
0x77a40000 - 0x77a46000 	C:\Windows\system32\NSI.dll
0x75ba0000 - 0x75cbc000 	C:\Windows\system32\CRYPT32.dll
0x75ab0000 - 0x75abc000 	C:\Windows\system32\MSASN1.dll
0x74ee0000 - 0x74f38000 	C:\Windows\system32\WINHTTP.dll
0x74e90000 - 0x74edf000 	C:\Windows\system32\webio.dll
0x754c0000 - 0x754d6000 	C:\Windows\system32\CRYPTSP.dll
0x75260000 - 0x7529b000 	C:\Windows\system32\rsaenh.dll
0x750a0000 - 0x750b7000 	C:\Windows\system32\USERENV.dll
0x75a40000 - 0x75a4b000 	C:\Windows\system32\profapi.dll
0x75a30000 - 0x75a3c000 	C:\Windows\system32\CRYPTBASE.dll
0x6d870000 - 0x6d886000 	C:\Program Files\Java\jdk1.7.0\jre\bin\net.dll
0x75480000 - 0x754bc000 	C:\Windows\system32\mswsock.dll
0x75470000 - 0x75476000 	C:\Windows\System32\wship6.dll
0x73950000 - 0x73960000 	C:\Windows\system32\NLAapi.dll
0x75340000 - 0x75384000 	C:\Windows\system32\DNSAPI.dll
0x71030000 - 0x71038000 	C:\Windows\System32\winrnr.dll
0x71020000 - 0x71030000 	C:\Windows\system32\napinsp.dll
0x71000000 - 0x71012000 	C:\Windows\system32\pnrpnsp.dll
0x74fd0000 - 0x74fd5000 	C:\Windows\System32\wshtcpip.dll
0x74d30000 - 0x74d4c000 	C:\Windows\system32\IPHLPAPI.DLL
0x74d20000 - 0x74d27000 	C:\Windows\system32\WINNSI.DLL
0x70c60000 - 0x70c66000 	C:\Windows\system32\rasadhlp.dll
0x71ba0000 - 0x71bd8000 	C:\Windows\System32\fwpuclnt.dll
0x72e50000 - 0x72e5f000 	C:\Program Files\Java\jdk1.7.0\jre\bin\nio.dll
0x045d0000 - 0x04622000 	C:\Users\nbarraille\AppData\Local\Temp\jna7940147070923211174.tmp

VM Arguments:
jvm_args: -Djava.library.path=C:\Windows\System32 -Dfile.encoding=Cp1252 
java_command: com.nbarraille.jspotify.main.Test
Launcher Type: SUN_STANDARD

Environment Variables:
PATH=C:/Program Files/Java/jdk1.7.0/bin/../jre/bin/client;C:/Program Files/Java/jdk1.7.0/bin/../jre/bin;C:/Program Files/Java/jdk1.7.0/bin/../jre/lib/i386;C:\Windows\System32
USERNAME=nbarraille
OS=Windows_NT
PROCESSOR_IDENTIFIER=x86 Family 6 Model 23 Stepping 10, GenuineIntel



---------------  S Y S T E M  ---------------

OS: Windows 7 Build 7600 

CPU:total 2 (2 cores per cpu, 1 threads per core) family 6 model 23 stepping 10, cmov, cx8, fxsr, mmx, sse, sse2, sse3, ssse3, sse4.1

Memory: 4k page, physical 3624108k(2072456k free), swap 7246452k(5439880k free)

vm_info: Java HotSpot(TM) Client VM (21.0-b01) for windows-x86 JRE (1.7.0-ea-b129), built on Feb 10 2011 07:43:39 by "java_re" with unknown MS VC++:1600

time: Fri Mar 04 19:06:51 2011
elapsed time: 0 seconds

